<?xml version="1.0" encoding="UTF-8"?>
<!-- Generated by org.testng.reporters.JUnitReportReporter -->
<testsuite hostname="LP-PF1VPELT" failures="0" tests="4" name="quickstart.tests.DemoTest" time="13.324" errors="0" timestamp="11 Mar 2021 20:08:24 GMT" skipped="0">
  <testcase classname="quickstart.tests.DemoTest" name="GoogleSearch_Facebook" time="3.074"/>
  <testcase classname="quickstart.tests.DemoTest" name="GoogleSearch_automationScript" time="2.869"/>
  <testcase classname="quickstart.tests.DemoTest" name="GoogleSearch_Twitter" time="4.361"/>
  <testcase classname="quickstart.tests.DemoTest" name="GoogleSearch_LinkedIn" time="3.020"/>
</testsuite> <!-- quickstart.tests.DemoTest -->
